#
# A fatal error has been detected by the Java Runtime Environment:
#
#  EXCEPTION_ACCESS_VIOLATION (0xc0000005) at pc=0x000001aa5ec7ff6e, pid=9056, tid=10144
#
# JRE version: OpenJDK Runtime Environment (17.0.11+12) (build 17.0.11+12-LTS)
# Java VM: OpenJDK 64-Bit Server VM (17.0.11+12-LTS, mixed mode, sharing, tiered, compressed oops, compressed class ptrs, g1 gc, windows-amd64)
# Problematic frame:
# C  0x000001aa5ec7ff6e
#
# No core dump will be written. Minidumps are not enabled by default on client versions of Windows
#
# If you would like to submit a bug report, please visit:
#   https://bell-sw.com/support
# The crash happened outside the Java Virtual Machine in native code.
# See problematic frame for where to report the bug.
#

---------------  S U M M A R Y ------------

Command Line: -Dfile.encoding=windows-1251 -Duser.country=RU -Duser.language=ru -Duser.variant org.foxesworld.FrozenLands

Host: Intel(R) Core(TM) i5-4590 CPU @ 3.30GHz, 4 cores, 15G,  Windows 10 , 64 bit Build 19041 (10.0.19041.3636)
Time: Wed Jul 24 17:10:24 2024 RTZ 2 (s 10 , 64 bit Build 19041 (10.0.19041.3636) elapsed time: 6.080686 seconds (0d 0h 0m 6s)

---------------  T H R E A D  ---------------

Current thread (0x000001aa4c6572f0):  JavaThread "jME3 Main" [_thread_in_native, id=10144, stack(0x00000033ab900000,0x00000033aba00000)]

Stack: [0x00000033ab900000,0x00000033aba00000],  sp=0x00000033ab9fd8f8,  free space=1014k
Native frames: (J=compiled Java code, j=interpreted, Vv=VM code, C=native code)
C  0x000001aa5ec7ff6e

Java frames: (J=compiled Java code, j=interpreted, Vv=VM code)
j  org.lwjgl.opengl.GL11C.nglTexImage2D(IIIIIIIIJ)V+0
j  org.lwjgl.opengl.GL11C.glTexImage2D(IIIIIIIILjava/nio/ByteBuffer;)V+17
j  org.lwjgl.opengl.GL11.glTexImage2D(IIIIIIIILjava/nio/ByteBuffer;)V+14
j  com.jme3.renderer.lwjgl.LwjglGL.glTexImage2D(IIIIIIIILjava/nio/ByteBuffer;)V+20
j  com.jme3.renderer.opengl.TextureUtil.uploadTextureLevel(Lcom/jme3/renderer/opengl/GLImageFormat;IIIIIIIILjava/nio/ByteBuffer;)V+281
j  com.jme3.renderer.opengl.TextureUtil.uploadTexture(Lcom/jme3/texture/Image;IIZ)V+271
j  com.jme3.renderer.opengl.GLRenderer.updateTexImageData(Lcom/jme3/texture/Image;Lcom/jme3/texture/Texture$Type;IZ)V+759
j  com.jme3.renderer.opengl.GLRenderer.setTexture(ILcom/jme3/texture/Texture;)V+191
j  com.jme3.material.Material.updateShaderMaterialParameters(Lcom/jme3/renderer/Renderer;Lcom/jme3/shader/Shader;Lcom/jme3/util/SafeArrayList;Lcom/jme3/util/SafeArrayList;)I+148
j  com.jme3.material.Material.render(Lcom/jme3/scene/Geometry;Lcom/jme3/light/LightList;Lcom/jme3/renderer/RenderManager;)V+104
j  com.jme3.renderer.RenderManager.renderGeometry(Lcom/jme3/scene/Geometry;)V+251
j  com.jme3.renderer.queue.RenderQueue.renderGeometryList(Lcom/jme3/renderer/queue/GeometryList;Lcom/jme3/renderer/RenderManager;Lcom/jme3/renderer/Camera;Z)V+51
j  com.jme3.renderer.queue.RenderQueue.renderQueue(Lcom/jme3/renderer/queue/RenderQueue$Bucket;Lcom/jme3/renderer/RenderManager;Lcom/jme3/renderer/Camera;Z)V+68
j  com.jme3.renderer.RenderManager.renderViewPortQueues(Lcom/jme3/renderer/ViewPort;Z)V+60
j  com.jme3.renderer.RenderManager.flushQueue(Lcom/jme3/renderer/ViewPort;)V+3
j  com.jme3.renderer.RenderManager.renderViewPort(Lcom/jme3/renderer/ViewPort;F)V+457
j  com.jme3.renderer.RenderManager.render(FZ)V+149
j  com.jme3.app.SimpleApplication.update()V+197
j  com.jme3.system.lwjgl.LwjglWindow.runLoop()V+37
j  com.jme3.system.lwjgl.LwjglWindow.run()V+54
j  java.lang.Thread.run()V+11 java.base@17.0.11
v  ~StubRoutines::call_stub

siginfo: EXCEPTION_ACCESS_VIOLATION (0xc0000005), reading address 0x000001aaa8161002


Registers:
RAX=0x0000000000000000, RBX=0x0000000000000000, RCX=0x0000000000000003, RDX=0x0000000000000000
RSP=0x00000033ab9fd8f8, RBP=0x0000000000001b80, RSI=0x000001aaa8161000, RDI=0x000001aa84821240
R8 =0x0000000000002000, R9 =0x000001aa84820040, R10=0x000001aaa8160280, R11=0x000001aa84820040
R12=0x0000000000008000, R13=0x00007ff90d6770f0, R14=0x000001aa54804560, R15=0x0000000000006000
RIP=0x000001aa5ec7ff6e, EFLAGS=0x0000000000010202


Register to memory mapping:

RIP=0x000001aa5ec7ff6e points into unknown readable memory: 0f b6
RAX=0x0 is NULL
RBX=0x0 is NULL
RCX=0x0000000000000003 is an unknown value
RDX=0x0 is NULL
RSP=0x00000033ab9fd8f8 is pointing into the stack for thread: 0x000001aa4c6572f0
RBP=0x0000000000001b80 is an unknown value
RSI=0x000001aaa8161000 is an unknown value
RDI=0x000001aa84821240 points into unknown readable memory: 0x00bdaeab00bfb0ad | ad b0 bf 00 ab ae bd 00
R8 =0x0000000000002000 is an unknown value
R9 =0x000001aa84820040 points into unknown readable memory: 0x0000000000000000 | 00 00 00 00 00 00 00 00
R10=0x000001aaa8160280 points into unknown readable memory: 0x0000000000000000 | 00 00 00 00 00 00 00 00
R11=0x000001aa84820040 points into unknown readable memory: 0x0000000000000000 | 00 00 00 00 00 00 00 00
R12=0x0000000000008000 is an unknown value
R13=0x00007ff90d6770f0 nvoglv64.dll
R14=0x000001aa54804560 points into unknown readable memory: 0x0000000000200000 | 00 00 20 00 00 00 00 00
R15=0x0000000000006000 is an unknown value


Top of Stack: (sp=0x00000033ab9fd8f8)
0x00000033ab9fd8f8:   000001aaa8160280 00000033ab9fe5c0
0x00000033ab9fd908:   000001aa84820040 0000000000000007
0x00000033ab9fd918:   00007ff90d6777a3 000001aa847e0030
0x00000033ab9fd928:   000000000000000f 000001aaa8130280
0x00000033ab9fd938:   000001aa54804560 0000000000000000
0x00000033ab9fd948:   0000003300000000 0000003300000000
0x00000033ab9fd958:   00000000000007e9 0000000000000000
0x00000033ab9fd968:   0000000000002000 000000000000000f
0x00000033ab9fd978:   0000000000000000 0000000000000000
0x00000033ab9fd988:   0000000000000000 00001808000007f8
0x00000033ab9fd998:   0000000000000010 00007ff90d6770f0
0x00000033ab9fd9a8:   0000000f00000000 000000000000000f
0x00000033ab9fd9b8:   000001aa847e0040 0000000010000000
0x00000033ab9fd9c8:   0000000000000080 0000000207c00000
0x00000033ab9fd9d8:   000001aa4cb408f0 0000200000000000
0x00000033ab9fd9e8:   0000000100002000 0000000000000002
0x00000033ab9fd9f8:   0000200000002000 0000000000000001
0x00000033ab9fda08:   0000000000000004 0000000000000001
0x00000033ab9fda18:   0000000000000000 0000000000000000
0x00000033ab9fda28:   0000000000000000 0000000000000000
0x00000033ab9fda38:   0000000000000000 0000000000000000
0x00000033ab9fda48:   0000000000000000 0000000000000000
0x00000033ab9fda58:   0000000000000000 0000000000000004
0x00000033ab9fda68:   0000000000000006 0000000000000000
0x00000033ab9fda78:   0000000000000000 0000000000000000
0x00000033ab9fda88:   0000000000000000 0000000000000000
0x00000033ab9fda98:   0000000000000000 0000000000000000
0x00000033ab9fdaa8:   0000000000000000 0000000000000056
0x00000033ab9fdab8:   0000000000000001 0000000217f68030
0x00000033ab9fdac8:   000001aa4cb3f930 0000000000008000
0x00000033ab9fdad8:   0000000000000000 0000000000000001
0x00000033ab9fdae8:   0000000000000000 0000000000000000 

Instructions: (pc=0x000001aa5ec7ff6e)
0x000001aa5ec7fe6e:   00 00 00 00 00 00 00 00 00 00 00 00 00 00 00 00
0x000001aa5ec7fe7e:   00 00 00 00 00 00 00 00 00 00 00 00 00 00 00 00
0x000001aa5ec7fe8e:   00 00 00 00 00 00 00 00 00 00 00 00 00 00 00 00
0x000001aa5ec7fe9e:   00 00 00 00 00 00 00 00 00 00 00 00 00 00 00 00
0x000001aa5ec7feae:   00 00 00 00 00 00 00 00 00 00 00 00 00 00 00 00
0x000001aa5ec7febe:   00 00 00 00 00 00 00 00 00 00 00 00 00 00 00 00
0x000001aa5ec7fece:   00 00 00 00 00 00 00 00 00 00 00 00 00 00 00 00
0x000001aa5ec7fede:   00 00 00 00 00 00 00 00 00 00 00 00 00 00 00 00
0x000001aa5ec7feee:   00 00 00 00 00 00 00 00 00 00 00 00 00 00 00 00
0x000001aa5ec7fefe:   00 00 00 00 00 00 00 00 00 00 00 00 00 00 00 00
0x000001aa5ec7ff0e:   00 00 00 00 00 00 00 00 00 00 00 00 00 00 00 00
0x000001aa5ec7ff1e:   00 00 00 00 00 00 00 00 00 00 00 00 00 00 00 00
0x000001aa5ec7ff2e:   00 00 00 00 00 00 00 00 00 00 80 ff ff ff 00 ff
0x000001aa5ec7ff3e:   00 00 55 48 8b ec 53 56 57 4c 8b da 4c 8b d1 49
0x000001aa5ec7ff4e:   8b f2 49 8b fb 41 8b e8 85 ed 0f 84 4a 00 00 00
0x000001aa5ec7ff5e:   b9 03 00 00 00 0f 8f 05 00 00 00 48 f7 d9 f7 dd
0x000001aa5ec7ff6e:   0f b6 5e 02 c1 e3 10 0f b7 16 0b da 48 03 f1 48
0x000001aa5ec7ff7e:   83 c7 04 8b c3 8b d3 81 e0 00 00 ff 00 c1 e8 10
0x000001aa5ec7ff8e:   81 e3 00 ff 00 00 0b d8 81 e2 ff 00 00 00 c1 e2
0x000001aa5ec7ff9e:   10 0b da ff cd 89 5f fc 75 c6 5f 5e 5b 5d c3 00
0x000001aa5ec7ffae:   00 00 00 00 00 00 00 00 00 00 c0 ff ff ff 80 00
0x000001aa5ec7ffbe:   00 00 48 b8 60 93 9d 56 aa 01 00 00 48 8b 00 49
0x000001aa5ec7ffce:   ba c8 d8 98 56 aa 01 00 00 48 83 ec 28 48 83 c4
0x000001aa5ec7ffde:   28 c3 00 00 00 00 00 00 00 00 00 00 00 00 00 00
0x000001aa5ec7ffee:   00 00 00 00 00 00 00 00 00 00 00 00 ff ff 40 00
0x000001aa5ec7fffe:   00 00 00 00 00 00 00 00 00 00 00 00 00 00 00 00
0x000001aa5ec8000e:   00 00 00 00 00 00 00 00 00 00 00 00 00 00 00 00
0x000001aa5ec8001e:   00 00 00 00 00 00 00 00 00 00 00 00 00 00 00 00
0x000001aa5ec8002e:   00 00 00 00 00 00 00 00 00 00 00 00 00 00 00 00
0x000001aa5ec8003e:   00 00 00 00 00 00 00 00 00 00 00 00 00 00 00 00
0x000001aa5ec8004e:   00 00 00 00 00 00 00 00 00 00 00 00 00 00 00 00
0x000001aa5ec8005e:   00 00 00 00 00 00 00 00 00 00 00 00 00 00 00 00 


Stack slot to memory mapping:
stack at sp + 0 slots: 0x000001aaa8160280 points into unknown readable memory: 0x0000000000000000 | 00 00 00 00 00 00 00 00
stack at sp + 1 slots: 0x00000033ab9fe5c0 is pointing into the stack for thread: 0x000001aa4c6572f0
stack at sp + 2 slots: 0x000001aa84820040 points into unknown readable memory: 0x0000000000000000 | 00 00 00 00 00 00 00 00
stack at sp + 3 slots: 0x0000000000000007 is an unknown value
stack at sp + 4 slots: 0x00007ff90d6777a3 nvoglv64.dll
stack at sp + 5 slots: 0x000001aa847e0030 points into unknown readable memory: 0x0000000000000000 | 00 00 00 00 00 00 00 00
stack at sp + 6 slots: 0x000000000000000f is an unknown value
stack at sp + 7 slots: 0x000001aaa8130280 points into unknown readable memory: 0xacbba3a5b29998a6 | a6 98 99 b2 a5 a3 bb ac


---------------  P R O C E S S  ---------------

Threads class SMR info:
_java_thread_list=0x000001aa544b2ac0, length=22, elements={
0x000001aa7f479d00, 0x000001aa7f47b190, 0x000001aa7f4908e0, 0x000001aa7f492610,
0x000001aa7f494fe0, 0x000001aa7f4969b0, 0x000001aa7f497750, 0x000001aa7f498f40,
0x000001aa4b1190a0, 0x000001aa4b245cf0, 0x000001aa4b26e290, 0x000001aa4bed8530,
0x000001aa4c7b6d00, 0x000001aa4c63c010, 0x000001aa4c6559a0, 0x000001aa4c6568d0,
0x000001aa4c6572f0, 0x000001aa4c657800, 0x000001aa4c657d10, 0x000001aa4c658220,
0x000001aa54f6dac0, 0x000001aa4c659150
}

Java Threads: ( => current thread )
  0x000001aa7f479d00 JavaThread "Reference Handler" daemon [_thread_blocked, id=2416, stack(0x00000033aa300000,0x00000033aa400000)]
  0x000001aa7f47b190 JavaThread "Finalizer" daemon [_thread_blocked, id=9800, stack(0x00000033aa400000,0x00000033aa500000)]
  0x000001aa7f4908e0 JavaThread "Signal Dispatcher" daemon [_thread_blocked, id=920, stack(0x00000033aa500000,0x00000033aa600000)]
  0x000001aa7f492610 JavaThread "Attach Listener" daemon [_thread_blocked, id=10824, stack(0x00000033aa600000,0x00000033aa700000)]
  0x000001aa7f494fe0 JavaThread "Service Thread" daemon [_thread_blocked, id=1332, stack(0x00000033aa700000,0x00000033aa800000)]
  0x000001aa7f4969b0 JavaThread "Monitor Deflation Thread" daemon [_thread_blocked, id=9960, stack(0x00000033aa800000,0x00000033aa900000)]
  0x000001aa7f497750 JavaThread "C2 CompilerThread0" daemon [_thread_blocked, id=10872, stack(0x00000033aa900000,0x00000033aaa00000)]
  0x000001aa7f498f40 JavaThread "C1 CompilerThread0" daemon [_thread_blocked, id=1128, stack(0x00000033aaa00000,0x00000033aab00000)]
  0x000001aa4b1190a0 JavaThread "Sweeper thread" daemon [_thread_blocked, id=10640, stack(0x00000033aab00000,0x00000033aac00000)]
  0x000001aa4b245cf0 JavaThread "Notification Thread" daemon [_thread_blocked, id=480, stack(0x00000033aac00000,0x00000033aad00000)]
  0x000001aa4b26e290 JavaThread "Common-Cleaner" daemon [_thread_blocked, id=1496, stack(0x00000033aae00000,0x00000033aaf00000)]
  0x000001aa4bed8530 JavaThread "Java2D Disposer" daemon [_thread_blocked, id=9604, stack(0x00000033ab300000,0x00000033ab400000)]
  0x000001aa4c7b6d00 JavaThread "AWT-Windows" daemon [_thread_in_native, id=9816, stack(0x00000033ab500000,0x00000033ab600000)]
  0x000001aa4c63c010 JavaThread "Image Fetcher 0" daemon [_thread_blocked, id=7532, stack(0x00000033ab800000,0x00000033ab900000)]
  0x000001aa4c6559a0 JavaThread "D3D Screen Updater" daemon [_thread_blocked, id=928, stack(0x00000033aba00000,0x00000033abb00000)]
  0x000001aa4c6568d0 JavaThread "TimerQueue" daemon [_thread_blocked, id=8488, stack(0x00000033abb00000,0x00000033abc00000)]
=>0x000001aa4c6572f0 JavaThread "jME3 Main" [_thread_in_native, id=10144, stack(0x00000033ab900000,0x00000033aba00000)]
  0x000001aa4c657800 JavaThread "DestroyJavaVM" [_thread_blocked, id=3188, stack(0x00000033a9c00000,0x00000033a9d00000)]
  0x000001aa4c657d10 JavaThread "LWJGL Deallocator" daemon [_thread_blocked, id=8780, stack(0x00000033ac300000,0x00000033ac400000)]
  0x000001aa4c658220 JavaThread "jME3 Audio Decoder" daemon [_thread_blocked, id=5772, stack(0x00000033ac700000,0x00000033ac800000)]
  0x000001aa54f6dac0 JavaThread "C2 CompilerThread1" daemon [_thread_blocked, id=11136, stack(0x00000033ab400000,0x00000033ab500000)]
  0x000001aa4c659150 JavaThread "Physics Cleaner" daemon [_thread_blocked, id=6544, stack(0x00000033ab600000,0x00000033ab700000)]

Other Threads:
  0x000001aa7f46fcd0 VMThread "VM Thread" [stack: 0x00000033aa200000,0x00000033aa300000] [id=4672]
  0x000001aa4b2661e0 WatcherThread [stack: 0x00000033aad00000,0x00000033aae00000] [id=9720]
  0x000001aa62ce2900 GCTaskThread "GC Thread#0" [stack: 0x00000033a9d00000,0x00000033a9e00000] [id=8852]
  0x000001aa4b560fd0 GCTaskThread "GC Thread#1" [stack: 0x00000033ab000000,0x00000033ab100000] [id=2824]
  0x000001aa4bb05090 GCTaskThread "GC Thread#2" [stack: 0x00000033ab100000,0x00000033ab200000] [id=9880]
  0x000001aa4bb05350 GCTaskThread "GC Thread#3" [stack: 0x00000033ab200000,0x00000033ab300000] [id=10996]
  0x000001aa62cf3760 ConcurrentGCThread "G1 Main Marker" [stack: 0x00000033a9e00000,0x00000033a9f00000] [id=4032]
  0x000001aa62cf4920 ConcurrentGCThread "G1 Conc#0" [stack: 0x00000033a9f00000,0x00000033aa000000] [id=8480]
  0x000001aa62d2e810 ConcurrentGCThread "G1 Refine#0" [stack: 0x00000033aa000000,0x00000033aa100000] [id=3528]
  0x000001aa7f330490 ConcurrentGCThread "G1 Service" [stack: 0x00000033aa100000,0x00000033aa200000] [id=4192]

Threads with active compile tasks:

VM state: not at safepoint (normal execution)

VM Mutex/Monitor currently owned by a thread: None

Heap address: 0x0000000700e00000, size: 4082 MB, Compressed Oops mode: Zero based, Oop shift amount: 3

CDS archive(s) mapped at: [0x000001aa06000000-0x000001aa06bb0000-0x000001aa06bb0000), size 12255232, SharedBaseAddress: 0x000001aa06000000, ArchiveRelocationMode: 1.
Compressed class space mapped at: 0x000001aa07000000-0x000001aa47000000, reserved size: 1073741824
Narrow klass base: 0x000001aa06000000, Narrow klass shift: 0, Narrow klass range: 0x100000000

GC Precious Log:
 CPUs: 4 total, 4 available
 Memory: 16321M
 Large Page Support: Disabled
 NUMA Support: Disabled
 Compressed Oops: Enabled (Zero based)
 Heap Region Size: 2M
 Heap Min Capacity: 8M
 Heap Initial Capacity: 256M
 Heap Max Capacity: 4082M
 Pre-touch: Disabled
 Parallel Workers: 4
 Concurrent Workers: 1
 Concurrent Refinement Workers: 4
 Periodic GC: Disabled

Heap:
 garbage-first heap   total 239616K, used 91653K [0x0000000700e00000, 0x0000000800000000)
  region size 2048K, 38 young (77824K), 1 survivors (2048K)
 Metaspace       used 27785K, committed 28096K, reserved 1114112K
  class space    used 2999K, committed 3136K, reserved 1048576K

Heap Regions: E=young(eden), S=young(survivor), O=old, HS=humongous(starts), HC=humongous(continues), CS=collection set, F=free, OA=open archive, CA=closed archive, TAMS=top-at-mark-start (previous, next)
|   0|0x0000000700e00000, 0x0000000701000000, 0x0000000701000000|100%| O|  |TAMS 0x0000000701000000, 0x0000000701000000| Untracked 
|   1|0x0000000701000000, 0x00000007011fffd8, 0x0000000701200000| 99%| O|  |TAMS 0x00000007011fffd8, 0x00000007011fffd8| Untracked 
|   2|0x0000000701200000, 0x0000000701400000, 0x0000000701400000|100%|HS|  |TAMS 0x0000000701400000, 0x0000000701400000| Complete 
|   3|0x0000000701400000, 0x00000007015ffff0, 0x0000000701600000| 99%| O|  |TAMS 0x00000007015ffff0, 0x00000007015ffff0| Untracked 
|   4|0x0000000701600000, 0x0000000701618878, 0x0000000701800000|  4%| O|  |TAMS 0x0000000701618878, 0x0000000701618878| Untracked 
|   5|0x0000000701800000, 0x0000000701800000, 0x0000000701a00000|  0%| F|  |TAMS 0x0000000701800000, 0x0000000701800000| Untracked 
|   6|0x0000000701a00000, 0x0000000701c00000, 0x0000000701c00000|100%| O|  |TAMS 0x0000000701c00000, 0x0000000701c00000| Untracked 
|   7|0x0000000701c00000, 0x0000000701e00000, 0x0000000701e00000|100%|HS|  |TAMS 0x0000000701c00000, 0x0000000701c00000| Complete 
|   8|0x0000000701e00000, 0x0000000702000000, 0x0000000702000000|100%|HC|  |TAMS 0x0000000701e00000, 0x0000000701e00000| Complete 
|   9|0x0000000702000000, 0x0000000702000000, 0x0000000702200000|  0%| F|  |TAMS 0x0000000702000000, 0x0000000702000000| Untracked 
|  10|0x0000000702200000, 0x0000000702400000, 0x0000000702400000|100%|HS|  |TAMS 0x0000000702200000, 0x0000000702200000| Complete 
|  11|0x0000000702400000, 0x0000000702400000, 0x0000000702600000|  0%| F|  |TAMS 0x0000000702400000, 0x0000000702400000| Untracked 
|  12|0x0000000702600000, 0x000000070265be00, 0x0000000702800000| 17%| O|  |TAMS 0x000000070263bc00, 0x000000070265be00| Untracked 
|  13|0x0000000702800000, 0x0000000702800000, 0x0000000702a00000|  0%| F|  |TAMS 0x0000000702800000, 0x0000000702800000| Untracked 
|  14|0x0000000702a00000, 0x0000000702a00000, 0x0000000702c00000|  0%| F|  |TAMS 0x0000000702a00000, 0x0000000702a00000| Untracked 
|  15|0x0000000702c00000, 0x0000000702c00000, 0x0000000702e00000|  0%| F|  |TAMS 0x0000000702c00000, 0x0000000702c00000| Untracked 
|  16|0x0000000702e00000, 0x0000000702e00000, 0x0000000703000000|  0%| F|  |TAMS 0x0000000702e00000, 0x0000000702e00000| Untracked 
|  17|0x0000000703000000, 0x0000000703000000, 0x0000000703200000|  0%| F|  |TAMS 0x0000000703000000, 0x0000000703000000| Untracked 
|  18|0x0000000703200000, 0x0000000703200000, 0x0000000703400000|  0%| F|  |TAMS 0x0000000703200000, 0x0000000703200000| Untracked 
|  19|0x0000000703400000, 0x0000000703400000, 0x0000000703600000|  0%| F|  |TAMS 0x0000000703400000, 0x0000000703400000| Untracked 
|  20|0x0000000703600000, 0x0000000703600000, 0x0000000703800000|  0%| F|  |TAMS 0x0000000703600000, 0x0000000703600000| Untracked 
|  21|0x0000000703800000, 0x0000000703800000, 0x0000000703a00000|  0%| F|  |TAMS 0x0000000703800000, 0x0000000703800000| Untracked 
|  22|0x0000000703a00000, 0x0000000703a00000, 0x0000000703c00000|  0%| F|  |TAMS 0x0000000703a00000, 0x0000000703a00000| Untracked 
|  23|0x0000000703c00000, 0x0000000703c00000, 0x0000000703e00000|  0%| F|  |TAMS 0x0000000703c00000, 0x0000000703c00000| Untracked 
|  24|0x0000000703e00000, 0x0000000703e00000, 0x0000000704000000|  0%| F|  |TAMS 0x0000000703e00000, 0x0000000703e00000| Untracked 
|  25|0x0000000704000000, 0x0000000704000000, 0x0000000704200000|  0%| F|  |TAMS 0x0000000704000000, 0x0000000704000000| Untracked 
|  26|0x0000000704200000, 0x0000000704200000, 0x0000000704400000|  0%| F|  |TAMS 0x0000000704200000, 0x0000000704200000| Untracked 
|  27|0x0000000704400000, 0x0000000704400000, 0x0000000704600000|  0%| F|  |TAMS 0x0000000704400000, 0x0000000704400000| Untracked 
|  28|0x0000000704600000, 0x0000000704600000, 0x0000000704800000|  0%| F|  |TAMS 0x0000000704600000, 0x0000000704600000| Untracked 
|  29|0x0000000704800000, 0x0000000704800000, 0x0000000704a00000|  0%| F|  |TAMS 0x0000000704800000, 0x0000000704800000| Untracked 
|  30|0x0000000704a00000, 0x0000000704a00000, 0x0000000704c00000|  0%| F|  |TAMS 0x0000000704a00000, 0x0000000704a00000| Untracked 
|  31|0x0000000704c00000, 0x0000000704c00000, 0x0000000704e00000|  0%| F|  |TAMS 0x0000000704c00000, 0x0000000704c00000| Untracked 
|  32|0x0000000704e00000, 0x0000000704e00000, 0x0000000705000000|  0%| F|  |TAMS 0x0000000704e00000, 0x0000000704e00000| Untracked 
|  33|0x0000000705000000, 0x0000000705000000, 0x0000000705200000|  0%| F|  |TAMS 0x0000000705000000, 0x0000000705000000| Untracked 
|  34|0x0000000705200000, 0x0000000705200000, 0x0000000705400000|  0%| F|  |TAMS 0x0000000705200000, 0x0000000705200000| Untracked 
|  35|0x0000000705400000, 0x0000000705400000, 0x0000000705600000|  0%| F|  |TAMS 0x0000000705400000, 0x0000000705400000| Untracked 
|  36|0x0000000705600000, 0x0000000705600000, 0x0000000705800000|  0%| F|  |TAMS 0x0000000705600000, 0x0000000705600000| Untracked 
|  37|0x0000000705800000, 0x0000000705800000, 0x0000000705a00000|  0%| F|  |TAMS 0x0000000705800000, 0x0000000705800000| Untracked 
|  38|0x0000000705a00000, 0x0000000705a00000, 0x0000000705c00000|  0%| F|  |TAMS 0x0000000705a00000, 0x0000000705a00000| Untracked 
|  39|0x0000000705c00000, 0x0000000705c00000, 0x0000000705e00000|  0%| F|  |TAMS 0x0000000705c00000, 0x0000000705c00000| Untracked 
|  40|0x0000000705e00000, 0x0000000705e00000, 0x0000000706000000|  0%| F|  |TAMS 0x0000000705e00000, 0x0000000705e00000| Untracked 
|  41|0x0000000706000000, 0x0000000706000000, 0x0000000706200000|  0%| F|  |TAMS 0x0000000706000000, 0x0000000706000000| Untracked 
|  42|0x0000000706200000, 0x0000000706200000, 0x0000000706400000|  0%| F|  |TAMS 0x0000000706200000, 0x0000000706200000| Untracked 
|  43|0x0000000706400000, 0x0000000706400000, 0x0000000706600000|  0%| F|  |TAMS 0x0000000706400000, 0x0000000706400000| Untracked 
|  44|0x0000000706600000, 0x0000000706600000, 0x0000000706800000|  0%| F|  |TAMS 0x0000000706600000, 0x0000000706600000| Untracked 
|  45|0x0000000706800000, 0x0000000706800000, 0x0000000706a00000|  0%| F|  |TAMS 0x0000000706800000, 0x0000000706800000| Untracked 
|  46|0x0000000706a00000, 0x0000000706b0cf00, 0x0000000706c00000| 52%| S|CS|TAMS 0x0000000706a00000, 0x0000000706a00000| Complete 
|  47|0x0000000706c00000, 0x0000000706c00000, 0x0000000706e00000|  0%| F|  |TAMS 0x0000000706c00000, 0x0000000706c00000| Untracked 
|  48|0x0000000706e00000, 0x0000000706e00000, 0x0000000707000000|  0%| F|  |TAMS 0x0000000706e00000, 0x0000000706e00000| Untracked 
|  49|0x0000000707000000, 0x0000000707000000, 0x0000000707200000|  0%| F|  |TAMS 0x0000000707000000, 0x0000000707000000| Untracked 
|  50|0x0000000707200000, 0x0000000707200000, 0x0000000707400000|  0%| F|  |TAMS 0x0000000707200000, 0x0000000707200000| Untracked 
|  51|0x0000000707400000, 0x0000000707400000, 0x0000000707600000|  0%| F|  |TAMS 0x0000000707400000, 0x0000000707400000| Untracked 
|  52|0x0000000707600000, 0x0000000707600000, 0x0000000707800000|  0%| F|  |TAMS 0x0000000707600000, 0x0000000707600000| Untracked 
|  53|0x0000000707800000, 0x0000000707800000, 0x0000000707a00000|  0%| F|  |TAMS 0x0000000707800000, 0x0000000707800000| Untracked 
|  54|0x0000000707a00000, 0x0000000707a00000, 0x0000000707c00000|  0%| F|  |TAMS 0x0000000707a00000, 0x0000000707a00000| Untracked 
|  55|0x0000000707c00000, 0x0000000707c00000, 0x0000000707e00000|  0%| F|  |TAMS 0x0000000707c00000, 0x0000000707c00000| Untracked 
|  56|0x0000000707e00000, 0x0000000707e00000, 0x0000000708000000|  0%| F|  |TAMS 0x0000000707e00000, 0x0000000707e00000| Untracked 
|  57|0x0000000708000000, 0x0000000708000000, 0x0000000708200000|  0%| F|  |TAMS 0x0000000708000000, 0x0000000708000000| Untracked 
|  58|0x0000000708200000, 0x0000000708200000, 0x0000000708400000|  0%| F|  |TAMS 0x0000000708200000, 0x0000000708200000| Untracked 
|  59|0x0000000708400000, 0x0000000708400000, 0x0000000708600000|  0%| F|  |TAMS 0x0000000708400000, 0x0000000708400000| Untracked 
|  60|0x0000000708600000, 0x0000000708600000, 0x0000000708800000|  0%| F|  |TAMS 0x0000000708600000, 0x0000000708600000| Untracked 
|  61|0x0000000708800000, 0x0000000708800000, 0x0000000708a00000|  0%| F|  |TAMS 0x0000000708800000, 0x0000000708800000| Untracked 
|  62|0x0000000708a00000, 0x0000000708a00000, 0x0000000708c00000|  0%| F|  |TAMS 0x0000000708a00000, 0x0000000708a00000| Untracked 
|  63|0x0000000708c00000, 0x0000000708c00000, 0x0000000708e00000|  0%| F|  |TAMS 0x0000000708c00000, 0x0000000708c00000| Untracked 
|  64|0x0000000708e00000, 0x0000000708e00000, 0x0000000709000000|  0%| F|  |TAMS 0x0000000708e00000, 0x0000000708e00000| Untracked 
|  65|0x0000000709000000, 0x0000000709000000, 0x0000000709200000|  0%| F|  |TAMS 0x0000000709000000, 0x0000000709000000| Untracked 
|  66|0x0000000709200000, 0x0000000709200000, 0x0000000709400000|  0%| F|  |TAMS 0x0000000709200000, 0x0000000709200000| Untracked 
|  67|0x0000000709400000, 0x0000000709400000, 0x0000000709600000|  0%| F|  |TAMS 0x0000000709400000, 0x0000000709400000| Untracked 
|  68|0x0000000709600000, 0x0000000709600000, 0x0000000709800000|  0%| F|  |TAMS 0x0000000709600000, 0x0000000709600000| Untracked 
|  69|0x0000000709800000, 0x0000000709800000, 0x0000000709a00000|  0%| F|  |TAMS 0x0000000709800000, 0x0000000709800000| Untracked 
|  70|0x0000000709a00000, 0x0000000709a00000, 0x0000000709c00000|  0%| F|  |TAMS 0x0000000709a00000, 0x0000000709a00000| Untracked 
|  71|0x0000000709c00000, 0x0000000709c00000, 0x0000000709e00000|  0%| F|  |TAMS 0x0000000709c00000, 0x0000000709c00000| Untracked 
|  72|0x0000000709e00000, 0x0000000709e00000, 0x000000070a000000|  0%| F|  |TAMS 0x0000000709e00000, 0x0000000709e00000| Untracked 
|  73|0x000000070a000000, 0x000000070a000000, 0x000000070a200000|  0%| F|  |TAMS 0x000000070a000000, 0x000000070a000000| Untracked 
|  74|0x000000070a200000, 0x000000070a200000, 0x000000070a400000|  0%| F|  |TAMS 0x000000070a200000, 0x000000070a200000| Untracked 
|  75|0x000000070a400000, 0x000000070a400000, 0x000000070a600000|  0%| F|  |TAMS 0x000000070a400000, 0x000000070a400000| Untracked 
|  76|0x000000070a600000, 0x000000070a600000, 0x000000070a800000|  0%| F|  |TAMS 0x000000070a600000, 0x000000070a600000| Untracked 
|  77|0x000000070a800000, 0x000000070a800000, 0x000000070aa00000|  0%| F|  |TAMS 0x000000070a800000, 0x000000070a800000| Untracked 
|  78|0x000000070aa00000, 0x000000070aa00000, 0x000000070ac00000|  0%| F|  |TAMS 0x000000070aa00000, 0x000000070aa00000| Untracked 
|  79|0x000000070ac00000, 0x000000070ac00000, 0x000000070ae00000|  0%| F|  |TAMS 0x000000070ac00000, 0x000000070ac00000| Untracked 
|  80|0x000000070ae00000, 0x000000070b000000, 0x000000070b000000|100%| E|  |TAMS 0x000000070ae00000, 0x000000070ae00000| Complete 
|  81|0x000000070b000000, 0x000000070b200000, 0x000000070b200000|100%| E|CS|TAMS 0x000000070b000000, 0x000000070b000000| Complete 
|  82|0x000000070b200000, 0x000000070b400000, 0x000000070b400000|100%| E|CS|TAMS 0x000000070b200000, 0x000000070b200000| Complete 
|  83|0x000000070b400000, 0x000000070b600000, 0x000000070b600000|100%| E|CS|TAMS 0x000000070b400000, 0x000000070b400000| Complete 
|  84|0x000000070b600000, 0x000000070b800000, 0x000000070b800000|100%| E|CS|TAMS 0x000000070b600000, 0x000000070b600000| Complete 
|  85|0x000000070b800000, 0x000000070ba00000, 0x000000070ba00000|100%| E|CS|TAMS 0x000000070b800000, 0x000000070b800000| Complete 
|  86|0x000000070ba00000, 0x000000070bc00000, 0x000000070bc00000|100%| E|CS|TAMS 0x000000070ba00000, 0x000000070ba00000| Complete 
|  87|0x000000070bc00000, 0x000000070be00000, 0x000000070be00000|100%| E|CS|TAMS 0x000000070bc00000, 0x000000070bc00000| Complete 
|  88|0x000000070be00000, 0x000000070c000000, 0x000000070c000000|100%| E|CS|TAMS 0x000000070be00000, 0x000000070be00000| Complete 
|  89|0x000000070c000000, 0x000000070c200000, 0x000000070c200000|100%| E|CS|TAMS 0x000000070c000000, 0x000000070c000000| Complete 
|  90|0x000000070c200000, 0x000000070c400000, 0x000000070c400000|100%| E|CS|TAMS 0x000000070c200000, 0x000000070c200000| Complete 
|  91|0x000000070c400000, 0x000000070c600000, 0x000000070c600000|100%| E|CS|TAMS 0x000000070c400000, 0x000000070c400000| Complete 
|  92|0x000000070c600000, 0x000000070c800000, 0x000000070c800000|100%| E|CS|TAMS 0x000000070c600000, 0x000000070c600000| Complete 
|  93|0x000000070c800000, 0x000000070ca00000, 0x000000070ca00000|100%| E|CS|TAMS 0x000000070c800000, 0x000000070c800000| Complete 
|  94|0x000000070ca00000, 0x000000070cc00000, 0x000000070cc00000|100%| E|CS|TAMS 0x000000070ca00000, 0x000000070ca00000| Complete 
|  95|0x000000070cc00000, 0x000000070ce00000, 0x000000070ce00000|100%| E|CS|TAMS 0x000000070cc00000, 0x000000070cc00000| Complete 
|  96|0x000000070ce00000, 0x000000070d000000, 0x000000070d000000|100%| E|CS|TAMS 0x000000070ce00000, 0x000000070ce00000| Complete 
|  97|0x000000070d000000, 0x000000070d200000, 0x000000070d200000|100%| E|CS|TAMS 0x000000070d000000, 0x000000070d000000| Complete 
|  98|0x000000070d200000, 0x000000070d400000, 0x000000070d400000|100%| E|CS|TAMS 0x000000070d200000, 0x000000070d200000| Complete 
|  99|0x000000070d400000, 0x000000070d600000, 0x000000070d600000|100%| E|CS|TAMS 0x000000070d400000, 0x000000070d400000| Complete 
| 100|0x000000070d600000, 0x000000070d800000, 0x000000070d800000|100%| E|CS|TAMS 0x000000070d600000, 0x000000070d600000| Complete 
| 101|0x000000070d800000, 0x000000070da00000, 0x000000070da00000|100%| E|CS|TAMS 0x000000070d800000, 0x000000070d800000| Complete 
| 102|0x000000070da00000, 0x000000070dc00000, 0x000000070dc00000|100%| E|CS|TAMS 0x000000070da00000, 0x000000070da00000| Complete 
| 103|0x000000070dc00000, 0x000000070de00000, 0x000000070de00000|100%| E|CS|TAMS 0x000000070dc00000, 0x000000070dc00000| Complete 
| 104|0x000000070de00000, 0x000000070e000000, 0x000000070e000000|100%| E|CS|TAMS 0x000000070de00000, 0x000000070de00000| Complete 
| 105|0x000000070e000000, 0x000000070e200000, 0x000000070e200000|100%| E|CS|TAMS 0x000000070e000000, 0x000000070e000000| Complete 
| 106|0x000000070e200000, 0x000000070e400000, 0x000000070e400000|100%| E|CS|TAMS 0x000000070e200000, 0x000000070e200000| Complete 
| 107|0x000000070e400000, 0x000000070e600000, 0x000000070e600000|100%| E|CS|TAMS 0x000000070e400000, 0x000000070e400000| Complete 
| 108|0x000000070e600000, 0x000000070e800000, 0x000000070e800000|100%| E|CS|TAMS 0x000000070e600000, 0x000000070e600000| Complete 
| 109|0x000000070e800000, 0x000000070ea00000, 0x000000070ea00000|100%| E|CS|TAMS 0x000000070e800000, 0x000000070e800000| Complete 
| 110|0x000000070ea00000, 0x000000070ec00000, 0x000000070ec00000|100%| E|CS|TAMS 0x000000070ea00000, 0x000000070ea00000| Complete 
| 111|0x000000070ec00000, 0x000000070ee00000, 0x000000070ee00000|100%| E|CS|TAMS 0x000000070ec00000, 0x000000070ec00000| Complete 
| 112|0x000000070ee00000, 0x000000070f000000, 0x000000070f000000|100%| E|CS|TAMS 0x000000070ee00000, 0x000000070ee00000| Complete 
| 113|0x000000070f000000, 0x000000070f200000, 0x000000070f200000|100%| E|CS|TAMS 0x000000070f000000, 0x000000070f000000| Complete 
| 114|0x000000070f200000, 0x000000070f400000, 0x000000070f400000|100%| E|CS|TAMS 0x000000070f200000, 0x000000070f200000| Complete 
| 115|0x000000070f400000, 0x000000070f600000, 0x000000070f600000|100%| E|CS|TAMS 0x000000070f400000, 0x000000070f400000| Complete 
| 155|0x0000000714400000, 0x0000000714600000, 0x0000000714600000|100%| E|CS|TAMS 0x0000000714400000, 0x0000000714400000| Complete 

Card table byte_map: [0x000001aa79fa0000,0x000001aa7a7a0000] _byte_map_base: 0x000001aa76799000

Marking Bits (Prev, Next): (CMBitMap*) 0x000001aa62ce2f20, (CMBitMap*) 0x000001aa62ce2f60
 Prev Bits: [0x000001aa7afa0000, 0x000001aa7ef68000)
 Next Bits: [0x000001aa00000000, 0x000001aa03fc8000)

Polling page: 0x000001aa60b20000

Metaspace:

Usage:
  Non-class:     24.21 MB used.
      Class:      2.93 MB used.
       Both:     27.13 MB used.

Virtual space:
  Non-class space:       64.00 MB reserved,      24.38 MB ( 38%) committed,  1 nodes.
      Class space:        1.00 GB reserved,       3.06 MB ( <1%) committed,  1 nodes.
             Both:        1.06 GB reserved,      27.44 MB (  3%) committed. 

Chunk freelists:
   Non-Class:  7.66 MB
       Class:  12.77 MB
        Both:  20.42 MB

MaxMetaspaceSize: unlimited
CompressedClassSpaceSize: 1.00 GB
Initial GC threshold: 21.00 MB
Current GC threshold: 42.19 MB
CDS: on
MetaspaceReclaimPolicy: balanced
 - commit_granule_bytes: 65536.
 - commit_granule_words: 8192.
 - virtual_space_node_default_size: 8388608.
 - enlarge_chunks_in_place: 1.
 - new_chunks_are_fully_committed: 0.
 - uncommit_free_chunks: 1.
 - use_allocation_guard: 0.
 - handle_deallocations: 1.


Internal statistics:

num_allocs_failed_limit: 0.
num_arena_births: 332.
num_arena_deaths: 0.
num_vsnodes_births: 2.
num_vsnodes_deaths: 0.
num_space_committed: 437.
num_space_uncommitted: 0.
num_chunks_returned_to_freelist: 0.
num_chunks_taken_from_freelist: 898.
num_chunk_merges: 0.
num_chunk_splits: 600.
num_chunks_enlarged: 408.
num_inconsistent_stats: 0.

CodeHeap 'non-profiled nmethods': size=120000Kb used=2058Kb max_used=2058Kb free=117941Kb
 bounds [0x000001aa72270000, 0x000001aa724e0000, 0x000001aa797a0000]
CodeHeap 'profiled nmethods': size=120000Kb used=6187Kb max_used=6187Kb free=113812Kb
 bounds [0x000001aa6a7a0000, 0x000001aa6adb0000, 0x000001aa71cd0000]
CodeHeap 'non-nmethods': size=5760Kb used=1878Kb max_used=1937Kb free=3881Kb
 bounds [0x000001aa71cd0000, 0x000001aa71f40000, 0x000001aa72270000]
 total_blobs=4645 nmethods=3259 adapters=1298
 compilation: enabled
              stopped_count=0, restarted_count=0
 full_count=0

Compilation events (20 events):
Event: 6.005 Thread 0x000001aa7f497750 nmethod 3221% 0x000001aa72468510 code [0x000001aa72468760, 0x000001aa7246a988]
Event: 6.005 Thread 0x000001aa7f497750 3225       4       java.util.regex.Matcher::start (22 bytes)
Event: 6.005 Thread 0x000001aa7f497750 nmethod 3225 0x000001aa7246b910 code [0x000001aa7246ba80, 0x000001aa7246bb18]
Event: 6.005 Thread 0x000001aa7f497750 3231       4       java.util.regex.Matcher::end (22 bytes)
Event: 6.006 Thread 0x000001aa7f497750 nmethod 3231 0x000001aa7246bc10 code [0x000001aa7246bd80, 0x000001aa7246be18]
Event: 6.006 Thread 0x000001aa7f497750 3256       4       java.lang.String::trim (35 bytes)
Event: 6.014 Thread 0x000001aa7f497750 nmethod 3256 0x000001aa7246bf10 code [0x000001aa7246c0a0, 0x000001aa7246c6f8]
Event: 6.014 Thread 0x000001aa7f497750 3233       4       java.lang.Integer::parseInt (7 bytes)
Event: 6.015 Thread 0x000001aa54f6dac0 nmethod 3227 0x000001aa7246c990 code [0x000001aa7246cd20, 0x000001aa7246f210]
Event: 6.015 Thread 0x000001aa54f6dac0 3224       4       java.util.regex.Pattern::newCharProperty (39 bytes)
Event: 6.017 Thread 0x000001aa54f6dac0 nmethod 3224 0x000001aa72470410 code [0x000001aa724705a0, 0x000001aa724708b8]
Event: 6.017 Thread 0x000001aa54f6dac0 3230       4       java.util.regex.Pattern::qtype (39 bytes)
Event: 6.018 Thread 0x000001aa7f497750 nmethod 3233 0x000001aa72470a10 code [0x000001aa72470bc0, 0x000001aa72470f98]
Event: 6.018 Thread 0x000001aa7f497750 3232       4       java.util.regex.Pattern::curly (66 bytes)
Event: 6.019 Thread 0x000001aa54f6dac0 nmethod 3230 0x000001aa72471390 code [0x000001aa72471520, 0x000001aa72471678]
Event: 6.019 Thread 0x000001aa54f6dac0 3245       4       com.jme3.math.Vector3f::addLocal (56 bytes)
Event: 6.019 Thread 0x000001aa54f6dac0 nmethod 3245 0x000001aa72471790 code [0x000001aa72471900, 0x000001aa724719b8]
Event: 6.019 Thread 0x000001aa54f6dac0 3238       4       jdk.internal.loader.URLClassPath$JarLoader$2::getCodeSourceURL (8 bytes)
Event: 6.019 Thread 0x000001aa54f6dac0 nmethod 3238 0x000001aa72471a90 code [0x000001aa72471c00, 0x000001aa72471c98]
Event: 6.024 Thread 0x000001aa7f497750 nmethod 3232 0x000001aa72471d90 code [0x000001aa72471f60, 0x000001aa724725b8]

GC Heap History (20 events):
Event: 3.503 GC heap before
{Heap before GC invocations=4 (full 2):
 garbage-first heap   total 34816K, used 18530K [0x0000000700e00000, 0x0000000800000000)
  region size 2048K, 5 young (10240K), 0 survivors (0K)
 Metaspace       used 22922K, committed 23168K, reserved 1114112K
  class space    used 2517K, committed 2624K, reserved 1048576K
}
Event: 3.505 GC heap after
{Heap after GC invocations=5 (full 2):
 garbage-first heap   total 34816K, used 11198K [0x0000000700e00000, 0x0000000800000000)
  region size 2048K, 1 young (2048K), 1 survivors (2048K)
 Metaspace       used 22922K, committed 23168K, reserved 1114112K
  class space    used 2517K, committed 2624K, reserved 1048576K
}
Event: 3.714 GC heap before
{Heap before GC invocations=5 (full 2):
 garbage-first heap   total 34816K, used 17342K [0x0000000700e00000, 0x0000000800000000)
  region size 2048K, 5 young (10240K), 1 survivors (2048K)
 Metaspace       used 24951K, committed 25280K, reserved 1114112K
  class space    used 2714K, committed 2880K, reserved 1048576K
}
Event: 3.716 GC heap after
{Heap after GC invocations=6 (full 2):
 garbage-first heap   total 34816K, used 11573K [0x0000000700e00000, 0x0000000800000000)
  region size 2048K, 1 young (2048K), 1 survivors (2048K)
 Metaspace       used 24951K, committed 25280K, reserved 1114112K
  class space    used 2714K, committed 2880K, reserved 1048576K
}
Event: 3.762 GC heap before
{Heap before GC invocations=6 (full 2):
 garbage-first heap   total 34816K, used 13621K [0x0000000700e00000, 0x0000000800000000)
  region size 2048K, 3 young (6144K), 1 survivors (2048K)
 Metaspace       used 25525K, committed 25856K, reserved 1114112K
  class space    used 2798K, committed 2944K, reserved 1048576K
}
Event: 3.764 GC heap after
{Heap after GC invocations=7 (full 2):
 garbage-first heap   total 34816K, used 11847K [0x0000000700e00000, 0x0000000800000000)
  region size 2048K, 1 young (2048K), 1 survivors (2048K)
 Metaspace       used 25525K, committed 25856K, reserved 1114112K
  class space    used 2798K, committed 2944K, reserved 1048576K
}
Event: 3.856 GC heap before
{Heap before GC invocations=7 (full 2):
 garbage-first heap   total 34816K, used 26183K [0x0000000700e00000, 0x0000000800000000)
  region size 2048K, 5 young (10240K), 1 survivors (2048K)
 Metaspace       used 25541K, committed 25856K, reserved 1114112K
  class space    used 2798K, committed 2944K, reserved 1048576K
}
Event: 3.858 GC heap after
{Heap after GC invocations=8 (full 2):
 garbage-first heap   total 34816K, used 22272K [0x0000000700e00000, 0x0000000800000000)
  region size 2048K, 1 young (2048K), 1 survivors (2048K)
 Metaspace       used 25541K, committed 25856K, reserved 1114112K
  class space    used 2798K, committed 2944K, reserved 1048576K
}
Event: 3.887 GC heap before
{Heap before GC invocations=8 (full 2):
 garbage-first heap   total 34816K, used 22272K [0x0000000700e00000, 0x0000000800000000)
  region size 2048K, 2 young (4096K), 1 survivors (2048K)
 Metaspace       used 25662K, committed 25920K, reserved 1114112K
  class space    used 2812K, committed 2944K, reserved 1048576K
}
Event: 3.888 GC heap after
{Heap after GC invocations=9 (full 2):
 garbage-first heap   total 34816K, used 12730K [0x0000000700e00000, 0x0000000800000000)
  region size 2048K, 1 young (2048K), 1 survivors (2048K)
 Metaspace       used 25662K, committed 25920K, reserved 1114112K
  class space    used 2812K, committed 2944K, reserved 1048576K
}
Event: 3.990 GC heap before
{Heap before GC invocations=10 (full 2):
 garbage-first heap   total 112640K, used 68026K [0x0000000700e00000, 0x0000000800000000)
  region size 2048K, 5 young (10240K), 1 survivors (2048K)
 Metaspace       used 25663K, committed 25920K, reserved 1114112K
  class space    used 2812K, committed 2944K, reserved 1048576K
}
Event: 3.991 GC heap after
{Heap after GC invocations=11 (full 2):
 garbage-first heap   total 112640K, used 63127K [0x0000000700e00000, 0x0000000800000000)
  region size 2048K, 1 young (2048K), 1 survivors (2048K)
 Metaspace       used 25663K, committed 25920K, reserved 1114112K
  class space    used 2812K, committed 2944K, reserved 1048576K
}
Event: 4.136 GC heap before
{Heap before GC invocations=11 (full 2):
 garbage-first heap   total 112640K, used 81559K [0x0000000700e00000, 0x0000000800000000)
  region size 2048K, 11 young (22528K), 1 survivors (2048K)
 Metaspace       used 25663K, committed 25920K, reserved 1114112K
  class space    used 2812K, committed 2944K, reserved 1048576K
}
Event: 4.138 GC heap after
{Heap after GC invocations=12 (full 2):
 garbage-first heap   total 319488K, used 66001K [0x0000000700e00000, 0x0000000800000000)
  region size 2048K, 2 young (4096K), 2 survivors (4096K)
 Metaspace       used 25663K, committed 25920K, reserved 1114112K
  class space    used 2812K, committed 2944K, reserved 1048576K
}
Event: 4.421 GC heap before
{Heap before GC invocations=13 (full 2):
 garbage-first heap   total 239616K, used 94673K [0x0000000700e00000, 0x0000000800000000)
  region size 2048K, 17 young (34816K), 2 survivors (4096K)
 Metaspace       used 25663K, committed 25920K, reserved 1114112K
  class space    used 2812K, committed 2944K, reserved 1048576K
}
Event: 4.421 GC heap after
{Heap after GC invocations=14 (full 2):
 garbage-first heap   total 239616K, used 10783K [0x0000000700e00000, 0x0000000800000000)
  region size 2048K, 1 young (2048K), 1 survivors (2048K)
 Metaspace       used 25663K, committed 25920K, reserved 1114112K
  class space    used 2812K, committed 2944K, reserved 1048576K
}
Event: 4.727 GC heap before
{Heap before GC invocations=14 (full 2):
 garbage-first heap   total 239616K, used 115231K [0x0000000700e00000, 0x0000000800000000)
  region size 2048K, 28 young (57344K), 1 survivors (2048K)
 Metaspace       used 25663K, committed 25920K, reserved 1114112K
  class space    used 2812K, committed 2944K, reserved 1048576K
}
Event: 4.728 GC heap after
{Heap after GC invocations=15 (full 2):
 garbage-first heap   total 239616K, used 10787K [0x0000000700e00000, 0x0000000800000000)
  region size 2048K, 1 young (2048K), 1 survivors (2048K)
 Metaspace       used 25663K, committed 25920K, reserved 1114112K
  class space    used 2812K, committed 2944K, reserved 1048576K
}
Event: 5.683 GC heap before
{Heap before GC invocations=15 (full 2):
 garbage-first heap   total 239616K, used 219683K [0x0000000700e00000, 0x0000000800000000)
  region size 2048K, 70 young (143360K), 1 survivors (2048K)
 Metaspace       used 26762K, committed 27072K, reserved 1114112K
  class space    used 2916K, committed 3072K, reserved 1048576K
}
Event: 5.685 GC heap after
{Heap after GC invocations=16 (full 2):
 garbage-first heap   total 239616K, used 13829K [0x0000000700e00000, 0x0000000800000000)
  region size 2048K, 1 young (2048K), 1 survivors (2048K)
 Metaspace       used 26762K, committed 27072K, reserved 1114112K
  class space    used 2916K, committed 3072K, reserved 1048576K
}

Dll operation events (16 events):
Event: 0.003 Loaded shared library C:\Users\AidenFox\.jdks\liberica-17.0.11\bin\java.dll
Event: 0.016 Loaded shared library C:\Users\AidenFox\.jdks\liberica-17.0.11\bin\jsvml.dll
Event: 0.061 Loaded shared library C:\Users\AidenFox\.jdks\liberica-17.0.11\bin\net.dll
Event: 0.062 Loaded shared library C:\Users\AidenFox\.jdks\liberica-17.0.11\bin\nio.dll
Event: 0.063 Loaded shared library C:\Users\AidenFox\.jdks\liberica-17.0.11\bin\zip.dll
Event: 0.104 Loaded shared library C:\Users\AidenFox\.jdks\liberica-17.0.11\bin\jimage.dll
Event: 0.332 Loaded shared library C:\Users\AidenFox\.jdks\liberica-17.0.11\bin\management.dll
Event: 0.334 Loaded shared library C:\Users\AidenFox\.jdks\liberica-17.0.11\bin\management_ext.dll
Event: 0.718 Loaded shared library C:\Users\AidenFox\.jdks\liberica-17.0.11\bin\awt.dll
Event: 1.044 Loaded shared library C:\Users\AidenFox\.jdks\liberica-17.0.11\bin\prefs.dll
Event: 1.285 Loaded shared library C:\Users\AidenFox\.jdks\liberica-17.0.11\bin\freetype.dll
Event: 1.286 Loaded shared library C:\Users\AidenFox\.jdks\liberica-17.0.11\bin\fontmanager.dll
Event: 2.880 Loaded shared library C:\Users\AidenFox\Documents\GitHub\FrozenLands2\bulletjme.dll
Event: 2.929 Loaded shared library C:\Temp\lwjgl_AidenFox\3.3.2+13\x64\lwjgl.dll
Event: 3.402 Loaded shared library C:\Temp\lwjgl_AidenFox\3.3.2+13\x64\lwjgl_opengl.dll
Event: 3.885 Loaded shared library C:\Users\AidenFox\.jdks\liberica-17.0.11\bin\javajpeg.dll

Deoptimization events (20 events):
Event: 5.973 Thread 0x000001aa4c6572f0 Uncommon trap: trap_request=0xffffff45 fr.pc=0x000001aa7245a36c relative=0x00000000000000ac
Event: 5.973 Thread 0x000001aa4c6572f0 Uncommon trap: reason=unstable_if action=reinterpret pc=0x000001aa7245a36c method=java.lang.Math.max(FF)F @ 11 c2
Event: 5.973 Thread 0x000001aa4c6572f0 DEOPT PACKING pc=0x000001aa7245a36c sp=0x00000033ab9ff2f0
Event: 5.973 Thread 0x000001aa4c6572f0 DEOPT UNPACKING pc=0x000001aa71d269a3 sp=0x00000033ab9ff290 mode 2
Event: 5.981 Thread 0x000001aa4c6572f0 Uncommon trap: trap_request=0xffffffde fr.pc=0x000001aa72369acc relative=0x00000000000008ec
Event: 5.981 Thread 0x000001aa4c6572f0 Uncommon trap: reason=class_check action=maybe_recompile pc=0x000001aa72369acc method=java.util.HashMap.putVal(ILjava/lang/Object;Ljava/lang/Object;ZZ)Ljava/lang/Object; @ 91 c2
Event: 5.981 Thread 0x000001aa4c6572f0 DEOPT PACKING pc=0x000001aa72369acc sp=0x00000033ab9fefe0
Event: 5.981 Thread 0x000001aa4c6572f0 DEOPT UNPACKING pc=0x000001aa71d269a3 sp=0x00000033ab9fef70 mode 2
Event: 5.984 Thread 0x000001aa4c6572f0 Uncommon trap: trap_request=0xffffffcc fr.pc=0x000001aa724646a4 relative=0x0000000000004764
Event: 5.984 Thread 0x000001aa4c6572f0 Uncommon trap: reason=intrinsic_or_type_checked_inlining action=make_not_entrant pc=0x000001aa724646a4 method=java.util.ArrayList$SubList.toArray([Ljava/lang/Object;)[Ljava/lang/Object; @ 58 c2
Event: 5.984 Thread 0x000001aa4c6572f0 DEOPT PACKING pc=0x000001aa724646a4 sp=0x00000033ab9fea80
Event: 5.984 Thread 0x000001aa4c6572f0 DEOPT UNPACKING pc=0x000001aa71d269a3 sp=0x00000033ab9fe9c8 mode 2
Event: 5.995 Thread 0x000001aa4c6572f0 Uncommon trap: trap_request=0xffffffde fr.pc=0x000001aa72369acc relative=0x00000000000008ec
Event: 5.995 Thread 0x000001aa4c6572f0 Uncommon trap: reason=class_check action=maybe_recompile pc=0x000001aa72369acc method=java.util.HashMap.putVal(ILjava/lang/Object;Ljava/lang/Object;ZZ)Ljava/lang/Object; @ 91 c2
Event: 5.995 Thread 0x000001aa4c6572f0 DEOPT PACKING pc=0x000001aa72369acc sp=0x00000033ab9febd0
Event: 5.995 Thread 0x000001aa4c6572f0 DEOPT UNPACKING pc=0x000001aa71d269a3 sp=0x00000033ab9feb60 mode 2
Event: 5.995 Thread 0x000001aa4c6572f0 Uncommon trap: trap_request=0xffffffde fr.pc=0x000001aa72369acc relative=0x00000000000008ec
Event: 5.995 Thread 0x000001aa4c6572f0 Uncommon trap: reason=class_check action=maybe_recompile pc=0x000001aa72369acc method=java.util.HashMap.putVal(ILjava/lang/Object;Ljava/lang/Object;ZZ)Ljava/lang/Object; @ 91 c2
Event: 5.995 Thread 0x000001aa4c6572f0 DEOPT PACKING pc=0x000001aa72369acc sp=0x00000033ab9fec00
Event: 5.995 Thread 0x000001aa4c6572f0 DEOPT UNPACKING pc=0x000001aa71d269a3 sp=0x00000033ab9feb90 mode 2

Classes unloaded (0 events):
No events

Classes redefined (0 events):
No events

Internal exceptions (20 events):
Event: 2.928 Thread 0x000001aa4c6572f0 Exception <a 'sun/nio/fs/WindowsException'{0x0000000702da5f90}> (0x0000000702da5f90) 
thrown [s\src\hotspot\share\prims\jni.cpp, line 516]
Event: 2.928 Thread 0x000001aa4c6572f0 Exception <a 'sun/nio/fs/WindowsException'{0x0000000702da6258}> (0x0000000702da6258) 
thrown [s\src\hotspot\share\prims\jni.cpp, line 516]
Event: 2.945 Thread 0x000001aa4c6572f0 Exception <a 'java/lang/NoSuchMethodError'{0x0000000702a1c310}: 'int java.lang.invoke.DirectMethodHandle$Holder.invokeStaticInit(java.lang.Object, java.lang.Object, int, long)'> (0x0000000702a1c310) 
thrown [s\src\hotspot\share\interpreter\linkResolver.cpp, line 759]
Event: 2.945 Thread 0x000001aa4c6572f0 Exception <a 'java/lang/NoSuchMethodError'{0x0000000702a21bf8}: 'java.lang.Object java.lang.invoke.DirectMethodHandle$Holder.newInvokeSpecial(java.lang.Object, java.lang.Object, int)'> (0x0000000702a21bf8) 
thrown [s\src\hotspot\share\interpreter\linkResolver.cpp, line 759]
Event: 2.947 Thread 0x000001aa4c6572f0 Exception <a 'java/lang/NoSuchMethodError'{0x0000000702a35f68}: 'int java.lang.invoke.DirectMethodHandle$Holder.invokeStaticInit(java.lang.Object, java.lang.Object, long, long)'> (0x0000000702a35f68) 
thrown [s\src\hotspot\share\interpreter\linkResolver.cpp, line 759]
Event: 2.947 Thread 0x000001aa4c6572f0 Exception <a 'java/lang/NoSuchMethodError'{0x0000000702a3bc18}: 'java.lang.Object java.lang.invoke.DirectMethodHandle$Holder.newInvokeSpecial(java.lang.Object, java.lang.Object, long)'> (0x0000000702a3bc18) 
thrown [s\src\hotspot\share\interpreter\linkResolver.cpp, line 759]
Event: 2.947 Thread 0x000001aa4c6572f0 Exception <a 'java/lang/NoSuchMethodError'{0x0000000702a3f730}: 'java.lang.Object java.lang.invoke.Invokers$Holder.linkToTargetMethod(java.lang.Object, long, java.lang.Object)'> (0x0000000702a3f730) 
thrown [s\src\hotspot\share\interpreter\linkResolver.cpp, line 759]
Event: 2.948 Thread 0x000001aa4c6572f0 Exception <a 'java/lang/NoSuchMethodError'{0x0000000702a46c00}: 'int java.lang.invoke.DirectMethodHandle$Holder.invokeStaticInit(java.lang.Object, java.lang.Object, java.lang.Object, long)'> (0x0000000702a46c00) 
thrown [s\src\hotspot\share\interpreter\linkResolver.cpp, line 759]
Event: 2.958 Thread 0x000001aa4c6572f0 Exception <a 'sun/nio/fs/WindowsException'{0x0000000702aea6e8}> (0x0000000702aea6e8) 
thrown [s\src\hotspot\share\prims\jni.cpp, line 516]
Event: 2.958 Thread 0x000001aa4c6572f0 Exception <a 'sun/nio/fs/WindowsException'{0x0000000702aea9f8}> (0x0000000702aea9f8) 
thrown [s\src\hotspot\share\prims\jni.cpp, line 516]
Event: 2.980 Thread 0x000001aa4c6572f0 Exception <a 'sun/nio/fs/WindowsException'{0x0000000702b991b0}> (0x0000000702b991b0) 
thrown [s\src\hotspot\share\prims\jni.cpp, line 516]
Event: 2.980 Thread 0x000001aa4c6572f0 Exception <a 'sun/nio/fs/WindowsException'{0x0000000702b99490}> (0x0000000702b99490) 
thrown [s\src\hotspot\share\prims\jni.cpp, line 516]
Event: 3.397 Thread 0x000001aa4c6572f0 Exception <a 'sun/nio/fs/WindowsException'{0x000000070281d190}> (0x000000070281d190) 
thrown [s\src\hotspot\share\prims\jni.cpp, line 516]
Event: 3.397 Thread 0x000001aa4c6572f0 Exception <a 'sun/nio/fs/WindowsException'{0x000000070281d4b0}> (0x000000070281d4b0) 
thrown [s\src\hotspot\share\prims\jni.cpp, line 516]
Event: 3.405 Thread 0x000001aa4c6572f0 Exception <a 'sun/nio/fs/WindowsException'{0x0000000702834578}> (0x0000000702834578) 
thrown [s\src\hotspot\share\prims\jni.cpp, line 516]
Event: 3.405 Thread 0x000001aa4c6572f0 Exception <a 'sun/nio/fs/WindowsException'{0x00000007028347d0}> (0x00000007028347d0) 
thrown [s\src\hotspot\share\prims\jni.cpp, line 516]
Event: 3.584 Thread 0x000001aa4c6572f0 Exception <a 'sun/nio/fs/WindowsException'{0x0000000702dd4930}> (0x0000000702dd4930) 
thrown [s\src\hotspot\share\prims\jni.cpp, line 516]
Event: 3.584 Thread 0x000001aa4c6572f0 Exception <a 'sun/nio/fs/WindowsException'{0x0000000702dd4c28}> (0x0000000702dd4c28) 
thrown [s\src\hotspot\share\prims\jni.cpp, line 516]
Event: 3.628 Thread 0x000001aa4c6572f0 Exception <a 'java/lang/NoSuchMethodError'{0x0000000702a0b008}: 'java.lang.Object java.lang.invoke.DirectMethodHandle$Holder.newInvokeSpecial(java.lang.Object, long)'> (0x0000000702a0b008) 
thrown [s\src\hotspot\share\interpreter\linkResolver.cpp, line 759]
Event: 5.098 Thread 0x000001aa4c6572f0 Exception <a 'java/lang/NoSuchMethodError'{0x000000070bde2dd8}: 'java.lang.Object java.lang.invoke.Invokers$Holder.linkToTargetMethod(java.lang.Object, java.lang.Object, int, int, java.lang.Object)'> (0x000000070bde2dd8) 
thrown [s\src\hotspot\share\interpreter\linkResolver.cpp, line 759]

VM Operations (20 events):
Event: 3.990 Executing VM operation: G1CollectForAllocation
Event: 3.992 Executing VM operation: G1CollectForAllocation done
Event: 4.136 Executing VM operation: G1CollectForAllocation
Event: 4.138 Executing VM operation: G1CollectForAllocation done
Event: 4.150 Executing VM operation: G1PauseRemark
Event: 4.152 Executing VM operation: G1PauseRemark done
Event: 4.157 Executing VM operation: G1PauseCleanup
Event: 4.221 Executing VM operation: G1PauseCleanup done
Event: 4.421 Executing VM operation: G1TryInitiateConcMark
Event: 4.421 Executing VM operation: G1TryInitiateConcMark done
Event: 4.727 Executing VM operation: G1TryInitiateConcMark
Event: 4.728 Executing VM operation: G1TryInitiateConcMark done
Event: 5.124 Executing VM operation: HandshakeAllThreads
Event: 5.124 Executing VM operation: HandshakeAllThreads done
Event: 5.683 Executing VM operation: G1CollectForAllocation
Event: 5.685 Executing VM operation: G1CollectForAllocation done
Event: 5.758 Executing VM operation: HandshakeAllThreads
Event: 5.758 Executing VM operation: HandshakeAllThreads done
Event: 5.968 Executing VM operation: HandshakeAllThreads
Event: 5.968 Executing VM operation: HandshakeAllThreads done

Events (20 events):
Event: 4.932 loading class sun/awt/AppContext$PostShutdownEventRunnable
Event: 4.932 loading class sun/awt/AppContext$PostShutdownEventRunnable done
Event: 4.932 loading class sun/awt/AWTAutoShutdown$1
Event: 4.932 loading class sun/awt/AWTAutoShutdown$1 done
Event: 4.932 Thread 0x000001aa4c7b6820 Thread exited: 0x000001aa4c7b6820
Event: 4.933 Thread 0x000001aa4c0a2040 Thread exited: 0x000001aa4c0a2040
Event: 5.103 Thread 0x000001aa54f6dac0 Thread added: 0x000001aa54f6dac0
Event: 5.626 loading class javax/imageio/ImageTypeSpecifier$Grayscale
Event: 5.626 loading class javax/imageio/ImageTypeSpecifier$Grayscale done
Event: 5.697 loading class java/util/concurrent/ExecutionException
Event: 5.697 loading class java/util/concurrent/ExecutionException done
Event: 5.710 Thread 0x000001aa4c659150 Thread added: 0x000001aa4c659150
Event: 5.718 loading class jdk/internal/math/FDBigInteger
Event: 5.718 loading class jdk/internal/math/FDBigInteger done
Event: 5.968 loading class java/util/regex/Pattern$SliceS
Event: 5.968 loading class java/util/regex/Pattern$SliceS done
Event: 5.969 loading class java/lang/FdLibm$Cbrt
Event: 5.969 loading class java/lang/FdLibm$Cbrt done
Event: 5.969 loading class java/lang/FdLibm
Event: 5.969 loading class java/lang/FdLibm done


Dynamic libraries:
0x00007ff7d5000000 - 0x00007ff7d500e000 	C:\Users\AidenFox\.jdks\liberica-17.0.11\bin\java.exe
0x00007ff976910000 - 0x00007ff976b08000 	C:\Windows\SYSTEM32\ntdll.dll
0x00007ff9749b0000 - 0x00007ff974a6d000 	C:\Windows\System32\KERNEL32.DLL
0x00007ff974450000 - 0x00007ff974746000 	C:\Windows\System32\KERNELBASE.dll
0x00007ff974350000 - 0x00007ff974450000 	C:\Windows\System32\ucrtbase.dll
0x00007ff957ea0000 - 0x00007ff957eb7000 	C:\Users\AidenFox\.jdks\liberica-17.0.11\bin\jli.dll
0x00007ff957e80000 - 0x00007ff957e9b000 	C:\Users\AidenFox\.jdks\liberica-17.0.11\bin\VCRUNTIME140.dll
0x00007ff975360000 - 0x00007ff9754fe000 	C:\Windows\System32\USER32.dll
0x00007ff95f440000 - 0x00007ff95f6da000 	C:\Windows\WinSxS\amd64_microsoft.windows.common-controls_6595b64144ccf1df_6.0.19041.3636_none_60b6a03d71f818d5\COMCTL32.dll
0x00007ff9741c0000 - 0x00007ff9741e2000 	C:\Windows\System32\win32u.dll
0x00007ff9766e0000 - 0x00007ff97677e000 	C:\Windows\System32\msvcrt.dll
0x00007ff9762b0000 - 0x00007ff9762dc000 	C:\Windows\System32\GDI32.dll
0x00007ff974030000 - 0x00007ff97414a000 	C:\Windows\System32\gdi32full.dll
0x00007ff974750000 - 0x00007ff9747ed000 	C:\Windows\System32\msvcp_win.dll
0x00007ff975b40000 - 0x00007ff975b70000 	C:\Windows\System32\IMM32.DLL
0x00007ff95c0a0000 - 0x00007ff95c0ac000 	C:\Users\AidenFox\.jdks\liberica-17.0.11\bin\vcruntime140_1.dll
0x00007ff92e270000 - 0x00007ff92e2fe000 	C:\Users\AidenFox\.jdks\liberica-17.0.11\bin\msvcp140.dll
0x00007ff927940000 - 0x00007ff9285a5000 	C:\Users\AidenFox\.jdks\liberica-17.0.11\bin\server\jvm.dll
0x00007ff9763c0000 - 0x00007ff97646f000 	C:\Windows\System32\ADVAPI32.dll
0x00007ff975b80000 - 0x00007ff975c1c000 	C:\Windows\System32\sechost.dll
0x00007ff975cd0000 - 0x00007ff975df6000 	C:\Windows\System32\RPCRT4.dll
0x00007ff973e90000 - 0x00007ff973edb000 	C:\Windows\SYSTEM32\POWRPROF.dll
0x00007ff96f6d0000 - 0x00007ff96f6d9000 	C:\Windows\SYSTEM32\WSOCK32.dll
0x00007ff96b380000 - 0x00007ff96b3a7000 	C:\Windows\SYSTEM32\WINMM.dll
0x00007ff975e30000 - 0x00007ff975e9b000 	C:\Windows\System32\WS2_32.dll
0x00007ff9727a0000 - 0x00007ff9727aa000 	C:\Windows\SYSTEM32\VERSION.dll
0x00007ff973e70000 - 0x00007ff973e82000 	C:\Windows\SYSTEM32\UMPDC.dll
0x00007ff9728d0000 - 0x00007ff9728e2000 	C:\Windows\SYSTEM32\kernel.appcore.dll
0x00007ff95a6f0000 - 0x00007ff95a6fa000 	C:\Users\AidenFox\.jdks\liberica-17.0.11\bin\jimage.dll
0x00007ff969cb0000 - 0x00007ff969e94000 	C:\Windows\SYSTEM32\DBGHELP.DLL
0x00007ff956ac0000 - 0x00007ff956af4000 	C:\Windows\SYSTEM32\dbgcore.DLL
0x00007ff974840000 - 0x00007ff9748c2000 	C:\Windows\System32\bcryptPrimitives.dll
0x00007ff957dd0000 - 0x00007ff957df5000 	C:\Users\AidenFox\.jdks\liberica-17.0.11\bin\java.dll
0x00007ff92acc0000 - 0x00007ff92ad97000 	C:\Users\AidenFox\.jdks\liberica-17.0.11\bin\jsvml.dll
0x00007ff974a70000 - 0x00007ff9751b5000 	C:\Windows\System32\SHELL32.dll
0x00007ff971f50000 - 0x00007ff9726eb000 	C:\Windows\SYSTEM32\windows.storage.dll
0x00007ff975ea0000 - 0x00007ff9761f4000 	C:\Windows\System32\combase.dll
0x00007ff9739a0000 - 0x00007ff9739cd000 	C:\Windows\SYSTEM32\Wldp.dll
0x00007ff975c20000 - 0x00007ff975ccd000 	C:\Windows\System32\SHCORE.dll
0x00007ff976780000 - 0x00007ff9767d5000 	C:\Windows\System32\shlwapi.dll
0x00007ff973f60000 - 0x00007ff973f85000 	C:\Windows\SYSTEM32\profapi.dll
0x00007ff957d40000 - 0x00007ff957d59000 	C:\Users\AidenFox\.jdks\liberica-17.0.11\bin\net.dll
0x00007ff965920000 - 0x00007ff965a2a000 	C:\Windows\SYSTEM32\WINHTTP.dll
0x00007ff973700000 - 0x00007ff97376a000 	C:\Windows\system32\mswsock.dll
0x00007ff957d20000 - 0x00007ff957d36000 	C:\Users\AidenFox\.jdks\liberica-17.0.11\bin\nio.dll
0x00007ff957d00000 - 0x00007ff957d18000 	C:\Users\AidenFox\.jdks\liberica-17.0.11\bin\zip.dll
0x00007ff95a630000 - 0x00007ff95a63a000 	C:\Users\AidenFox\.jdks\liberica-17.0.11\bin\management.dll
0x00007ff958130000 - 0x00007ff95813b000 	C:\Users\AidenFox\.jdks\liberica-17.0.11\bin\management_ext.dll
0x00007ff975e00000 - 0x00007ff975e08000 	C:\Windows\System32\PSAPI.DLL
0x00007ff956710000 - 0x00007ff956727000 	C:\Windows\system32\napinsp.dll
0x00007ff956730000 - 0x00007ff95674b000 	C:\Windows\system32\pnrpnsp.dll
0x00007ff956750000 - 0x00007ff956765000 	C:\Windows\system32\wshbth.dll
0x00007ff96f7d0000 - 0x00007ff96f7ed000 	C:\Windows\system32\NLAapi.dll
0x00007ff9733f0000 - 0x00007ff97342b000 	C:\Windows\SYSTEM32\IPHLPAPI.DLL
0x00007ff973430000 - 0x00007ff9734fa000 	C:\Windows\SYSTEM32\DNSAPI.dll
0x00007ff975aa0000 - 0x00007ff975aa8000 	C:\Windows\System32\NSI.dll
0x00007ff956aa0000 - 0x00007ff956ab2000 	C:\Windows\System32\winrnr.dll
0x00007ff964280000 - 0x00007ff96428a000 	C:\Windows\System32\rasadhlp.dll
0x00007ff965860000 - 0x00007ff9658e0000 	C:\Windows\System32\fwpuclnt.dll
0x00007ff974980000 - 0x00007ff9749a7000 	C:\Windows\System32\bcrypt.dll
0x00007ff92a4b0000 - 0x00007ff92a640000 	C:\Users\AidenFox\.jdks\liberica-17.0.11\bin\awt.dll
0x00007ff9759d0000 - 0x00007ff975a9d000 	C:\Windows\System32\OLEAUT32.dll
0x00007ff971590000 - 0x00007ff971620000 	C:\Windows\SYSTEM32\apphelp.dll
0x00007ff973900000 - 0x00007ff973918000 	C:\Windows\SYSTEM32\CRYPTSP.dll
0x00007ff973030000 - 0x00007ff973064000 	C:\Windows\system32\rsaenh.dll
0x00007ff973f20000 - 0x00007ff973f4e000 	C:\Windows\SYSTEM32\USERENV.dll
0x00007ff9738f0000 - 0x00007ff9738fc000 	C:\Windows\SYSTEM32\CRYPTBASE.dll
0x00007ff9653f0000 - 0x00007ff965407000 	C:\Windows\SYSTEM32\dhcpcsvc6.DLL
0x00007ff964e40000 - 0x00007ff964e5d000 	C:\Windows\SYSTEM32\dhcpcsvc.DLL
0x00007ff9716c0000 - 0x00007ff97175e000 	C:\Windows\system32\uxtheme.dll
0x00007ff9751c0000 - 0x00007ff9752d4000 	C:\Windows\System32\MSCTF.dll
0x00007ff9767e0000 - 0x00007ff97690b000 	C:\Windows\System32\ole32.dll
0x00007ff971a70000 - 0x00007ff971a9f000 	C:\Windows\system32\DWMAPI.DLL
0x00007ff92f9c0000 - 0x00007ff92fae5000 	C:\Windows\system32\opengl32.dll
0x00007ff92f990000 - 0x00007ff92f9bc000 	C:\Windows\SYSTEM32\GLU32.dll
0x00007ff957200000 - 0x00007ff9573cd000 	C:\Windows\system32\d3d9.dll
0x00007ff968000000 - 0x00007ff9680c1000 	C:\Windows\System32\DriverStore\FileRepository\nv_dispwi.inf_amd64_e123e3fced9a0fdf\nvldumdx.dll
0x00007ff973b30000 - 0x00007ff973b42000 	C:\Windows\SYSTEM32\msasn1.dll
0x00007ff96ef30000 - 0x00007ff96ef61000 	C:\Windows\SYSTEM32\cryptnet.dll
0x00007ff9741f0000 - 0x00007ff97434d000 	C:\Windows\System32\CRYPT32.dll
0x00007ff96ea90000 - 0x00007ff96ebd8000 	C:\Windows\SYSTEM32\drvstore.dll
0x00007ff973cf0000 - 0x00007ff973d23000 	C:\Windows\SYSTEM32\devobj.dll
0x00007ff9747f0000 - 0x00007ff97483e000 	C:\Windows\System32\cfgmgr32.dll
0x00007ff974150000 - 0x00007ff9741b7000 	C:\Windows\System32\wintrust.dll
0x00007ff975e10000 - 0x00007ff975e2d000 	C:\Windows\System32\imagehlp.dll
0x00007ff9660d0000 - 0x00007ff967eff000 	C:\Windows\System32\DriverStore\FileRepository\nv_dispwi.inf_amd64_e123e3fced9a0fdf\nvgpucomp64.dll
0x00007ff9243c0000 - 0x00007ff926403000 	C:\Windows\System32\DriverStore\FileRepository\nv_dispwi.inf_amd64_e123e3fced9a0fdf\nvd3dumx.dll
0x00007ff92b950000 - 0x00007ff92bc20000 	C:\Windows\system32\nvspcap64.dll
0x00007ff973170000 - 0x00007ff9731a3000 	C:\Windows\SYSTEM32\ntmarta.dll
0x00007ff96e440000 - 0x00007ff96e47b000 	C:\Windows\SYSTEM32\dxcore.dll
0x00007ff957fe0000 - 0x00007ff957fe9000 	C:\Users\AidenFox\.jdks\liberica-17.0.11\bin\prefs.dll
0x00007ff92a860000 - 0x00007ff92a8e7000 	C:\Users\AidenFox\.jdks\liberica-17.0.11\bin\freetype.dll
0x00007ff92a3c0000 - 0x00007ff92a4a2000 	C:\Users\AidenFox\.jdks\liberica-17.0.11\bin\fontmanager.dll
0x00007ff96d530000 - 0x00007ff96d629000 	C:\Windows\SYSTEM32\textinputframework.dll
0x00007ff9713b0000 - 0x00007ff9714a2000 	C:\Windows\System32\CoreMessaging.dll
0x00007ff971050000 - 0x00007ff9713ab000 	C:\Windows\System32\CoreUIComponents.dll
0x00007ff970ef0000 - 0x00007ff971045000 	C:\Windows\SYSTEM32\wintypes.dll
0x00007ff92a170000 - 0x00007ff92a3b2000 	C:\Users\AidenFox\Documents\GitHub\FrozenLands2\bulletjme.dll
0x00007ff92a7e0000 - 0x00007ff92a85a000 	C:\Temp\lwjgl_AidenFox\3.3.2+13\x64\lwjgl.dll
0x00007ff923d80000 - 0x00007ff923ff0000 	C:\Temp\lwjgl_AidenFox\3.3.2+13\x64\jemalloc.dll
0x00007ff92a0e0000 - 0x00007ff92a162000 	C:\Temp\lwjgl_AidenFox\3.3.2+13\x64\glfw.dll
0x00007ff951820000 - 0x00007ff951865000 	C:\Windows\SYSTEM32\dinput8.dll
0x00007ff942ae0000 - 0x00007ff942af1000 	C:\Windows\SYSTEM32\xinput1_4.dll
0x00007ff96d320000 - 0x00007ff96d472000 	C:\Windows\SYSTEM32\inputhost.dll
0x00007ff971de0000 - 0x00007ff971ed6000 	C:\Windows\SYSTEM32\PROPSYS.dll
0x00007ff976200000 - 0x00007ff9762a9000 	C:\Windows\System32\clbcatq.dll
0x00007ff96e870000 - 0x00007ff96e972000 	C:\Windows\System32\AppXDeploymentClient.dll
0x00007ff90cc50000 - 0x00007ff90f235000 	C:\Windows\System32\DriverStore\FileRepository\nv_dispwi.inf_amd64_e123e3fced9a0fdf\nvoglv64.dll
0x00007ff975500000 - 0x00007ff97596e000 	C:\Windows\System32\SETUPAPI.dll
0x00007ff96f5b0000 - 0x00007ff96f5c4000 	C:\Windows\SYSTEM32\WTSAPI32.dll
0x00007ff973d60000 - 0x00007ff973dbb000 	C:\Windows\SYSTEM32\WINSTA.dll
0x00007ff92b8f0000 - 0x00007ff92b94e000 	C:\Temp\lwjgl_AidenFox\3.3.2+13\x64\lwjgl_opengl.dll
0x00007ff9726f0000 - 0x00007ff9726fd000 	C:\Windows\SYSTEM32\HID.DLL
0x00007ff927120000 - 0x00007ff9272e5000 	C:\Temp\lwjgl_AidenFox\3.3.2+13\x64\OpenAL.dll
0x00007ff96e4e0000 - 0x00007ff96e565000 	C:\Windows\System32\MMDevApi.dll
0x00007ff9551d0000 - 0x00007ff955352000 	C:\Windows\SYSTEM32\AUDIOSES.DLL
0x00007ff971780000 - 0x00007ff971794000 	C:\Windows\SYSTEM32\resourcepolicyclient.dll
0x00007ff94d830000 - 0x00007ff94d85e000 	C:\Users\AidenFox\.jdks\liberica-17.0.11\bin\javajpeg.dll

dbghelp: loaded successfully - version: 4.0.5 - missing functions: none
symbol engine: initialized successfully - sym options: 0x614 - pdb path: .;C:\Users\AidenFox\.jdks\liberica-17.0.11\bin;C:\Windows\SYSTEM32;C:\Windows\WinSxS\amd64_microsoft.windows.common-controls_6595b64144ccf1df_6.0.19041.3636_none_60b6a03d71f818d5;C:\Users\AidenFox\.jdks\liberica-17.0.11\bin\server;C:\Windows\System32\DriverStore\FileRepository\nv_dispwi.inf_amd64_e123e3fced9a0fdf;C:\Users\AidenFox\Documents\GitHub\FrozenLands2;C:\Temp\lwjgl_AidenFox\3.3.2+13\x64

VM Arguments:
jvm_args: -Dfile.encoding=windows-1251 -Duser.country=RU -Duser.language=ru -Duser.variant 
java_command: org.foxesworld.FrozenLands
java_class_path (initial): C:\Users\AidenFox\Documents\GitHub\FrozenLands2\build\classes\java\main;C:\Users\AidenFox\Documents\GitHub\FrozenLands2\build\resources\main;C:\Users\AidenFox\Documents\GitHub\FrozenLands2\lib\foxesworld\cfgProvider-2.1.3-STABLE.jar;C:\Users\AidenFox\Documents\GitHub\FrozenLands2\lib\java-discord-rpc-2.0.2-all.jar;C:\Users\AidenFox\Documents\GitHub\FrozenLands2\lib\SkyControl-1.0.4.jar;C:\Users\AidenFox\Documents\GitHub\FrozenLands2\lib\jme3-awt-dialogs.jar;C:\Users\AidenFox\.gradle\caches\modules-2\files-2.1\org.jmonkeyengine\jme3-jogg\3.6.1-stable\4a857f4f1a83f11b586f0c23b0137842b24d1fae\jme3-jogg-3.6.1-stable.jar;C:\Users\AidenFox\.gradle\caches\modules-2\files-2.1\com.github.stephengold\j-ogg-vorbis\1.0.4\e0f9ca17c456601488595f170bbf83f9a7005f29\j-ogg-vorbis-1.0.4.jar;C:\Users\AidenFox\.gradle\caches\modules-2\files-2.1\org.jmonkeyengine\jme3-plugins\3.6.1-stable\3fdd7124715d9afc408addd0a21b49a5f73e0fb6\jme3-plugins-3.6.1-stable.jar;C:\Users\AidenFox\.gradle\caches\modules-2\files-2.1\com.google.code.gson\gson\2.9.1\2cc2131b98ebfb04e2b2c7dfb84431f4045096b\gson-2.9.1.jar;C:\Users\AidenFox\.gradle\caches\modules-2\files-2.1\com.github.riccardobl.DDSWriter\dds_writer\1.3.2\850146a080879009f7bc1c7517ff4d88cfe60c31\dds_writer-1.3.2.jar;C:\Users\AidenFox\.gradle\caches\modules-2\files-2.1\org.apache.logging.log4j\log4j-core\2.23.1\905802940e2c78042d75b837c136ac477d2b4e4d\log4j-core-2.23.1.jar;C:\Users\AidenFox\.gradle\caches\modules-2\files-2.1\org.apache.logging.log4j\log4j-api\2.23.1\9c15c29c526d9c6783049c0a77722693c66706e1\log4j-api-2.23.1.jar;C:\Users\AidenFox\.gradle\caches\modules-2\files-2.1\org.jmonkeyengine\jme3-desktop\3.6.1-stable\a09230b60616779b1f4d8bc2ebf42ddd736c276a\jme3-desktop-3.6.1-stable.jar;C:\Users\AidenFox\.gradle\caches\modules-2\files-2.1\org.jmonkeyengine\jme3-effects\3.6.1-stable\6fc15dc69115f205c9beca230b5b490f3995a1c7\jme3-effects-3.6.1-stable.jar;C:\Users\AidenFox\.gradle\caches\modules-2\files-2.1\com.github.
Launcher Type: SUN_STANDARD

[Global flags]
     intx CICompilerCount                          = 3                                         {product} {ergonomic}
     uint ConcGCThreads                            = 1                                         {product} {ergonomic}
     uint G1ConcRefinementThreads                  = 4                                         {product} {ergonomic}
   size_t G1HeapRegionSize                         = 2097152                                   {product} {ergonomic}
    uintx GCDrainStackTargetSize                   = 64                                        {product} {ergonomic}
   size_t InitialHeapSize                          = 268435456                                 {product} {ergonomic}
   size_t MarkStackSize                            = 4194304                                   {product} {ergonomic}
   size_t MaxHeapSize                              = 4280287232                                {product} {ergonomic}
   size_t MaxNewSize                               = 2566914048                                {product} {ergonomic}
   size_t MinHeapDeltaBytes                        = 2097152                                   {product} {ergonomic}
   size_t MinHeapSize                              = 8388608                                   {product} {ergonomic}
    uintx NonNMethodCodeHeapSize                   = 5832780                                {pd product} {ergonomic}
    uintx NonProfiledCodeHeapSize                  = 122912730                              {pd product} {ergonomic}
    uintx ProfiledCodeHeapSize                     = 122912730                              {pd product} {ergonomic}
    uintx ReservedCodeCacheSize                    = 251658240                              {pd product} {ergonomic}
     bool SegmentedCodeCache                       = true                                      {product} {ergonomic}
   size_t SoftMaxHeapSize                          = 4280287232                             {manageable} {ergonomic}
     bool UseCompressedClassPointers               = true                           {product lp64_product} {ergonomic}
     bool UseCompressedOops                        = true                           {product lp64_product} {ergonomic}
     bool UseG1GC                                  = true                                      {product} {ergonomic}
     bool UseLargePagesIndividualAllocation        = false                                  {pd product} {ergonomic}

Logging:
Log output configuration:
 #0: stdout all=warning uptime,level,tags
 #1: stderr all=off uptime,level,tags

Environment Variables:
JAVA_HOME=C:\Program Files\BellSoft\LibericaJDK-17\
PATH=C:\Program Files\BellSoft\LibericaJDK-17\bin\;C:\Program Files (x86)\Common Files\Oracle\Java\javapath;C:\Windows\system32;C:\Windows;C:\Windows\System32\Wbem;C:\Windows\System32\WindowsPowerShell\v1.0\;C:\Program Files\NVIDIA Corporation\NVIDIA NvDLISR;C:\Program Files\Git\cmd;C:\Program Files (x86)\NVIDIA Corporation\PhysX\Common;C:\Program Files\dotnet\;C:\Program Files\BellSoft\LibericaJDK-17\bin\;C:\Program Files (x86)\Common Files\Oracle\Java\javapath;C:\Windows\system32;C:\Windows;C:\Windows\System32\Wbem;C:\Windows\System32\WindowsPowerShell\v1.0\;C:\Program Files\NVIDIA Corporation\NVIDIA NvDLISR;C:\Program Files\Git\cmd;C:\Users\AidenFox\AppData\Local\Microsoft\WindowsApps;C:\Program Files\JetBrains\IntelliJ IDEA 2021.3\bin;C:\Users\AidenFox\AppData\Local\GitHubDesktop\bin
USERNAME=AidenFox
OS=Windows_NT
PROCESSOR_IDENTIFIER=Intel64 Family 6 Model 60 Stepping 3, GenuineIntel
TMP=C:\Temp
TEMP=C:\Temp



Periodic native trim disabled


---------------  S Y S T E M  ---------------

OS:
 Windows 10 , 64 bit Build 19041 (10.0.19041.3636)
OS uptime: 1 days 22:07 hours

CPU: total 4 (initial active 4) (4 cores per cpu, 1 threads per core) family 6 model 60 stepping 3 microcode 0x27, cx8, cmov, fxsr, mmx, sse, sse2, sse3, ssse3, sse4.1, sse4.2, popcnt, lzcnt, tsc, tscinvbit, avx, avx2, aes, erms, clmul, bmi1, bmi2, fma, vzeroupper, clflush
Processor Information for all 4 processors :
  Max Mhz: 3301, Current Mhz: 3301, Mhz Limit: 3301

Memory: 4k page, system-wide physical 16321M (5362M free)
TotalPageFile size 16321M (AvailPageFile size 3192M)
current process WorkingSet (physical memory assigned to process): 601M, peak: 601M
current process commit charge ("private bytes"): 1562M, peak: 1818M

vm_info: OpenJDK 64-Bit Server VM (17.0.11+12-LTS) for windows-amd64 JRE (17.0.11+12-LTS), built on May 14 2024 14:41:48 by "" with MS VC++ 17.1 (VS2022)

END.
